[JavaFX Application Thread] INFO  pl.comp.view.SudokuController  - Property changed
[JavaFX Application Thread] INFO  pl.comp.view.SudokuController  - Text property changed
[JavaFX Application Thread] INFO  pl.comp.view.SudokuController  - Property changed
[JavaFX Application Thread] INFO  pl.comp.view.SudokuController  - Text property changed
[JavaFX Application Thread] INFO  pl.sudoku.FileSudokuBoardDao  - Zamykam plik
[JavaFX Application Thread] DEBUG pl.comp.view.SudokuController  - 
491176013
672413598
030892460
706149085
950287041
814300720
269708154
180604032
305921800

[JavaFX Application Thread] INFO  pl.sudoku.FileSudokuBoardDao  - Zamykam plik
[JavaFX Application Thread] INFO  pl.comp.view.SudokuController  - Property changed
[JavaFX Application Thread] INFO  pl.comp.view.SudokuController  - Text property changed
[JavaFX Application Thread] INFO  pl.comp.view.SudokuController  - Text property changed
[JavaFX Application Thread] INFO  pl.comp.view.SudokuController  - Property changed
[JavaFX Application Thread] INFO  pl.comp.view.SudokuController  - Text property changed
[JavaFX Application Thread] INFO  pl.comp.view.SudokuController  - Property changed
[JavaFX Application Thread] INFO  pl.comp.view.SudokuController  - Text property changed
[JavaFX Application Thread] INFO  pl.comp.view.SudokuController  - Property changed
[JavaFX Application Thread] INFO  pl.comp.view.SudokuController  - Text property changed
[JavaFX Application Thread] INFO  pl.comp.view.SudokuController  - Property changed
[JavaFX Application Thread] INFO  pl.comp.view.SudokuController  - Text property changed
[JavaFX Application Thread] DEBUG pl.comp.view.SudokuController  - 
021479853
548603790
937025001
876254109
194730500
350090607
415382970
289507304
003041085

[JavaFX Application Thread] DEBUG pl.comp.view.SudokuController  - 
021479853
548603790
937025001
876254109
194730500
350090607
415382970
289507304
003041085

[JavaFX Application Thread] DEBUG pl.comp.view.SudokuController  - 
091078543
563419287
080235691
172856934
800000100
946021870
310700406
729504318
604083029

[JavaFX Application Thread] DEBUG pl.comp.view.SudokuController  - 
291078543
563419287
080235691
172856934
800000100
946021870
310700406
729504318
604083029

[JavaFX Application Thread] DEBUG pl.comp.view.SudokuController  - 
489020010
026010890
103805462
765209134
041736589
930154270
804561720
352908601
017302958

[JavaFX Application Thread] DEBUG pl.comp.view.SudokuController  - 
000040009
408000700
000080050
010004090
520007040
080006070
001300467
000209010
030071982

[JavaFX Application Thread] DEBUG pl.comp.view.SudokuController  - 
090746100
768903005
431508907
084671093
973852041
006439782
640387219
827194300
009260874

[JavaFX Application Thread] DEBUG pl.comp.view.SudokuController  - 
325016478
179548003
408200015
534001792
016790350
207054801
780025040
651489037
942173586

[JavaFX Application Thread] DEBUG pl.comp.view.SudokuController  - 
784203095
260790184
090640372
457921836
819036527
326857419
930074008
040380700
008562043

[JavaFX Application Thread] DEBUG pl.comp.view.SudokuController  - 
507300906
942706501
160054208
005408090
496200853
238695714
629173485
871542360
354069007

[JavaFX Application Thread] DEBUG pl.comp.view.SudokuController  - 
618243759
024957168
759006324
587001902
261700035
003002671
002078096
096130287
875629013

[JavaFX Application Thread] DEBUG pl.comp.view.SudokuController  - 
618243759
024957168
759006324
587001902
261700035
003002671
002078096
096130287
875629013

[JavaFX Application Thread] DEBUG pl.comp.view.SudokuController  - 
625904007
009615284
418037569
097426038
142008970
803001452
056102890
201069745
984570621

[JavaFX Application Thread] DEBUG pl.comp.view.SudokuController  - 
618243759
024957168
759006324
587001902
261700035
003002671
002078096
096130287
875629013

[JavaFX Application Thread] DEBUG pl.comp.view.SudokuController  - 
618243759
024957168
759006324
587001902
261700035
003002671
002078096
096130287
875629013

[JavaFX Application Thread] DEBUG pl.comp.view.SudokuController  - 
618243759
024957168
759006324
587001902
261700035
003002671
002078096
096130287
875629013

[JavaFX Application Thread] DEBUG pl.comp.view.SudokuController  - 
618243759
024957168
759006324
587001902
261700035
003002671
002078096
096130287
875629013

[JavaFX Application Thread] DEBUG pl.comp.view.SudokuController  - 
618243759
024957168
759006324
587001902
261700035
003002671
002078096
096130287
875629013

[JavaFX Application Thread] DEBUG pl.comp.view.SudokuController  - 
618243759
024957168
759006324
587001902
261700035
003002671
002078096
096130287
875629013

[JavaFX Application Thread] DEBUG pl.comp.view.SudokuController  - 
618243759
024957168
759006324
587001902
261700035
003002671
002078096
096130287
875629013

[JavaFX Application Thread] DEBUG pl.comp.view.SudokuController  - 
618243759
024957168
759006324
587001902
261700035
003002671
002078096
096130287
875629013

[JavaFX Application Thread] DEBUG pl.comp.view.SudokuController  - 
618243759
024957168
759006324
587001902
261700035
003002671
002078096
096130287
875629013

[JavaFX Application Thread] DEBUG pl.comp.view.SudokuController  - 
618243759
024957168
759006324
587001902
261700035
003002671
002078096
096130287
875629013

[JavaFX Application Thread] DEBUG pl.comp.view.SudokuController  - 
000700000
600080030
023615870
000050400
400098020
700040000
807020050
130074200
009860000

[JavaFX Application Thread] INFO  pl.comp.view.SudokuController  - Property changed
[JavaFX Application Thread] INFO  pl.comp.view.SudokuController  - Text property changed
[JavaFX Application Thread] INFO  pl.comp.view.SudokuController  - Property changed
[JavaFX Application Thread] INFO  pl.comp.view.SudokuController  - Text property changed
[JavaFX Application Thread] DEBUG pl.comp.view.SudokuController  - 
328412761
764213985
095786342
532067804
400092003
000305216
647520109
953071028
081934607

[JavaFX Application Thread] DEBUG pl.comp.view.SudokuController  - 
328412761
764213985
095786342
532067804
400092003
000305216
647520109
953071028
081934607

